<?xml version="1.0" encoding="UTF-8"?>
<testsuite name="com.csc.TestTriangleNumberCalculator" tests="1" skipped="0" failures="0" errors="0" timestamp="2024-11-02T23:27:28" hostname="WIN-VE0J3PDRJ34" time="0.024">
  <properties/>
  <testcase name="testSequence()" classname="com.csc.TestTriangleNumberCalculator" time="0.024"/>
  <system-out><![CDATA[]]></system-out>
  <system-err><![CDATA[]]></system-err>
</testsuite>
